<?xml version="1.0" encoding="UTF-8"?>
<!-- Generated by org.testng.reporters.JUnitXMLReporter -->
<testsuite hostname="DD5B-D-FTMH6Q1" name="Test" tests="1" failures="0" timestamp="20 Sep 2016 11:13:18 GMT" time="4.295" errors="0">
  <testcase name="@BeforeMethod beforeMethod" time="0.0" classname="org_jenkin.Trident_SignupPage_Blank_Field_Validation_85633">
    <failure type="org.openqa.selenium.WebDriverException" message="unknown error: cannot find Chrome binary
  (Driver info: chromedriver=2.22.397933 (1cab651507b88dec79b2b2a22d1943c01833cc1b),platform=Windows NT 6.1.7601 SP1 x86_64) (WARNING: The server did not provide any stacktrace information)
Command duration or timeout: 1.43 seconds
Build info: version: &amp;apos;2.53.0&amp;apos;, revision: &amp;apos;35ae25b&amp;apos;, time: &amp;apos;2016-03-15 16:57:40&amp;apos;
System info: host: &amp;apos;DD5B-D-FTMH6Q1&amp;apos;, ip: &amp;apos;10.221.1.11&amp;apos;, os.name: &amp;apos;Windows 7&amp;apos;, os.arch: &amp;apos;amd64&amp;apos;, os.version: &amp;apos;6.1&amp;apos;, java.version: &amp;apos;1.8.0_91&amp;apos;
Driver info: org.openqa.selenium.chrome.ChromeDriver">
      <![CDATA[org.openqa.selenium.WebDriverException: unknown error: cannot find Chrome binary
  (Driver info: chromedriver=2.22.397933 (1cab651507b88dec79b2b2a22d1943c01833cc1b),platform=Windows NT 6.1.7601 SP1 x86_64) (WARNING: The server did not provide any stacktrace information)
Command duration or timeout: 1.43 seconds
Build info: version: '2.53.0', revision: '35ae25b', time: '2016-03-15 16:57:40'
System info: host: 'DD5B-D-FTMH6Q1', ip: '10.221.1.11', os.name: 'Windows 7', os.arch: 'amd64', os.version: '6.1', java.version: '1.8.0_91'
Driver info: org.openqa.selenium.chrome.ChromeDriver
	at org.openqa.selenium.remote.ErrorHandler.createThrowable(ErrorHandler.java:206)
	at org.openqa.selenium.remote.ErrorHandler.throwIfResponseFailed(ErrorHandler.java:158)
	at org.openqa.selenium.remote.RemoteWebDriver.execute(RemoteWebDriver.java:678)
	at org.openqa.selenium.remote.RemoteWebDriver.startSession(RemoteWebDriver.java:249)
	at org.openqa.selenium.remote.RemoteWebDriver.<init>(RemoteWebDriver.java:131)
	at org.openqa.selenium.remote.RemoteWebDriver.<init>(RemoteWebDriver.java:144)
	at org.openqa.selenium.chrome.ChromeDriver.<init>(ChromeDriver.java:170)
	at org.openqa.selenium.chrome.ChromeDriver.<init>(ChromeDriver.java:159)
	at org.openqa.selenium.chrome.ChromeDriver.<init>(ChromeDriver.java:116)
	at constants.IResourceConstant.<init>(IResourceConstant.java:27)
	at application_Model.SignUpPageModel.URL(SignUpPageModel.java:69)
	at application_Controller.SignUpPageController.openURL(SignUpPageController.java:28)
	at application_Controller.SignUpPageController.openURL(SignUpPageController.java:36)
	at org_jenkin.Trident_SignupPage_Blank_Field_Validation_85633.beforeMethod(Trident_SignupPage_Blank_Field_Validation_85633.java:30)
... Removed 29 stack frames]]>
    </failure>
  </testcase> <!-- @BeforeMethod beforeMethod -->
  <testcase name="@AfterMethod afterMethod" time="0.0" classname="org_jenkin.Trident_SignupPage_Blank_Field_Validation_85633">
    <skipped/>
  </testcase> <!-- @AfterMethod afterMethod -->
  <testcase name="SignupPage_Multiple_Field_Blank" time="0.0" classname="org_jenkin.Trident_SignupPage_Blank_Field_Validation_85633">
    <skipped/>
  </testcase> <!-- SignupPage_Multiple_Field_Blank -->
</testsuite> <!-- Test -->
